<?xml version="1.0" encoding="UTF-8"?>
<!-- Generated by org.testng.reporters.JUnitReportReporter -->
<testsuite hostname="DESKTOP-BP7NV3R" failures="0" tests="1" name="SereiliazatinANDDeserialzation.EmployeeWithobjectDeSerialazation" time="0.315" errors="0" timestamp="2023-02-17T14:44:37 IST" skipped="0">
  <testcase classname="SereiliazatinANDDeserialzation.EmployeeWithobjectDeSerialazation" name="Deserialzation" time="0.315"/>
  <system-out/>
</testsuite> <!-- SereiliazatinANDDeserialzation.EmployeeWithobjectDeSerialazation -->
