<?xml version="1.0" encoding="UTF-8"?>
<!-- Generated by org.testng.reporters.JUnitReportReporter -->
<testsuite hostname="DESKTOP-BP7NV3R" failures="0" tests="1" name="Validation.StaticResponseValidation" time="3.245" errors="0" timestamp="2023-02-21T15:20:36 IST" skipped="0">
  <testcase classname="Validation.StaticResponseValidation" name="Staticvaliadtion" time="3.245"/>
  <system-out/>
</testsuite> <!-- Validation.StaticResponseValidation -->
