<?xml version="1.0" encoding="UTF-8"?>
<!-- Generated by org.testng.reporters.JUnitReportReporter -->
<testsuite hostname="DESKTOP-BP7NV3R" failures="0" tests="1" name="CRUDWithBDD.UpdateProject" time="2.813" errors="0" timestamp="2023-02-20T12:15:08 IST" skipped="0">
  <testcase classname="CRUDWithBDD.UpdateProject" name="UpdateProject" time="2.813"/>
  <system-out/>
</testsuite> <!-- CRUDWithBDD.UpdateProject -->
