<?xml version="1.0" encoding="UTF-8"?>
<!-- Generated by org.testng.reporters.JUnitReportReporter -->
<testsuite hostname="DESKTOP-BP7NV3R" failures="0" tests="1" name="Authentication.DigestiveAuth" time="2.325" errors="0" timestamp="2023-02-23T11:52:52 IST" skipped="0">
  <testcase classname="Authentication.DigestiveAuth" name="basicDigestiveAuth" time="2.325"/>
  <system-out/>
</testsuite> <!-- Authentication.DigestiveAuth -->
