<?xml version="1.0" encoding="UTF-8"?>
<!-- Generated by org.testng.reporters.JUnitReportReporter -->
<testsuite hostname="DESKTOP-BP7NV3R" failures="0" tests="1" name="CRUDWithOutBDD.GetPerticularProject" time="2.294" errors="0" timestamp="2023-02-17T16:20:31 IST" skipped="0">
  <testcase classname="CRUDWithOutBDD.GetPerticularProject" name="getPerticularProject" time="2.294"/>
  <system-out/>
</testsuite> <!-- CRUDWithOutBDD.GetPerticularProject -->
