<?xml version="1.0" encoding="UTF-8"?>
<!-- Generated by org.testng.reporters.JUnitReportReporter -->
<testsuite hostname="DESKTOP-BP7NV3R" failures="0" tests="1" name="CRUDWithOutBDD.DeleteProject" time="2.568" errors="0" timestamp="2023-02-17T16:26:41 IST" skipped="0">
  <testcase classname="CRUDWithOutBDD.DeleteProject" name="Delete" time="2.568"/>
  <system-out/>
</testsuite> <!-- CRUDWithOutBDD.DeleteProject -->
