<?xml version="1.0" encoding="UTF-8"?>
<!-- Generated by org.testng.reporters.JUnitReportReporter -->
<testsuite hostname="DESKTOP-BP7NV3R" failures="0" tests="1" name="SereiliazatinANDDeserialzation.EmployeeWithArrayDeserialazation" time="0.299" errors="0" timestamp="2023-02-17T13:07:50 IST" skipped="0">
  <testcase classname="SereiliazatinANDDeserialzation.EmployeeWithArrayDeserialazation" name="Deserialazation" time="0.299"/>
  <system-out/>
</testsuite> <!-- SereiliazatinANDDeserialzation.EmployeeWithArrayDeserialazation -->
