<?xml version="1.0" encoding="UTF-8"?>
<!-- Generated by org.testng.reporters.JUnitReportReporter -->
<testsuite hostname="DESKTOP-BP7NV3R" failures="0" tests="1" name="FourTypeToAddProject.hashMap" time="2.611" errors="0" timestamp="2023-02-20T14:59:43 IST" skipped="0">
  <testcase classname="FourTypeToAddProject.hashMap" name="addProject" time="2.611"/>
  <system-out/>
</testsuite> <!-- FourTypeToAddProject.hashMap -->
