<?xml version="1.0" encoding="UTF-8"?>
<!-- Generated by org.testng.reporters.JUnitReportReporter -->
<testsuite hostname="DESKTOP-BP7NV3R" failures="0" tests="1" name="FourTypeToAddProject.JsonFile" time="2.766" errors="0" timestamp="2023-02-20T16:48:33 IST" skipped="0">
  <testcase classname="FourTypeToAddProject.JsonFile" name="addProject" time="2.766"/>
  <system-out/>
</testsuite> <!-- FourTypeToAddProject.JsonFile -->
