<?xml version="1.0" encoding="UTF-8"?>
<!-- Generated by org.testng.reporters.JUnitReportReporter -->
<testsuite hostname="DESKTOP-BP7NV3R" failures="0" tests="1" name="CRUDWithBDD.CreateProject" time="2.897" errors="0" timestamp="2023-02-23T11:52:06 IST" skipped="0">
  <testcase classname="CRUDWithBDD.CreateProject" name="createProject" time="2.897"/>
  <system-out/>
</testsuite> <!-- CRUDWithBDD.CreateProject -->
