<?xml version="1.0" encoding="UTF-8"?>
<!-- Generated by org.testng.reporters.JUnitReportReporter -->
<testsuite hostname="DESKTOP-BP7NV3R" failures="0" tests="1" name="CRUDWithOutBDD.GetAllProject" time="2.546" errors="0" timestamp="2023-02-17T16:16:53 IST" skipped="0">
  <testcase classname="CRUDWithOutBDD.GetAllProject" name="Getall" time="2.546"/>
  <system-out/>
</testsuite> <!-- CRUDWithOutBDD.GetAllProject -->
