<?xml version="1.0" encoding="UTF-8"?>
<!-- Generated by org.testng.reporters.JUnitReportReporter -->
<testsuite hostname="DESKTOP-BP7NV3R" failures="0" tests="1" name="FourTypeToAddProject.jsnoOBJECT" time="3.084" errors="0" timestamp="2023-02-20T14:56:26 IST" skipped="0">
  <testcase classname="FourTypeToAddProject.jsnoOBJECT" name="AddProject" time="3.084"/>
  <system-out/>
</testsuite> <!-- FourTypeToAddProject.jsnoOBJECT -->
