<?xml version="1.0" encoding="UTF-8"?>
<!-- Generated by org.testng.reporters.JUnitReportReporter -->
<testsuite hostname="DESKTOP-BP7NV3R" failures="0" tests="1" name="RequestChaing.ChainingWithPathParameter" time="3.381" errors="0" timestamp="2023-02-22T11:01:00 IST" skipped="0">
  <testcase classname="RequestChaing.ChainingWithPathParameter" name="requestChaining" time="3.381"/>
  <system-out/>
</testsuite> <!-- RequestChaing.ChainingWithPathParameter -->
