<?xml version="1.0" encoding="UTF-8"?>
<!-- Generated by org.testng.reporters.JUnitReportReporter -->
<testsuite hostname="DESKTOP-BP7NV3R" failures="0" tests="1" name="PojoClass.EmployeeSerilazation" time="0.272" errors="0" timestamp="2023-02-17T10:57:45 IST" skipped="0">
  <testcase classname="PojoClass.EmployeeSerilazation" name="Empser" time="0.272"/>
  <system-out/>
</testsuite> <!-- PojoClass.EmployeeSerilazation -->
