<?xml version="1.0" encoding="UTF-8"?>
<!-- Generated by org.testng.reporters.JUnitReportReporter -->
<testsuite hostname="DESKTOP-BP7NV3R" failures="0" tests="1" name="CRUDWithBDD.DeleteProject" time="2.296" errors="0" timestamp="2023-02-20T12:15:18 IST" skipped="0">
  <testcase classname="CRUDWithBDD.DeleteProject" name="DeleteProject" time="2.296"/>
  <system-out/>
</testsuite> <!-- CRUDWithBDD.DeleteProject -->
