<?xml version="1.0" encoding="UTF-8"?>
<!-- Generated by org.testng.reporters.JUnitReportReporter -->
<testsuite hostname="DESKTOP-BP7NV3R" failures="0" tests="1" name="Parameters.QueryParameter" time="5.810" errors="0" timestamp="2023-02-20T17:35:35 IST" skipped="0">
  <testcase classname="Parameters.QueryParameter" name="QueryParametr" time="5.810"/>
  <system-out/>
</testsuite> <!-- Parameters.QueryParameter -->
