<?xml version="1.0" encoding="UTF-8"?>
<!-- Generated by org.testng.reporters.JUnitReportReporter -->
<testsuite hostname="DESKTOP-BP7NV3R" failures="0" tests="1" name="FourTypeToAddProject.POJO" time="2.731" errors="0" timestamp="2023-02-20T16:13:37 IST" skipped="0">
  <testcase classname="FourTypeToAddProject.POJO" name="Addproject" time="2.731"/>
  <system-out/>
</testsuite> <!-- FourTypeToAddProject.POJO -->
