<?xml version="1.0" encoding="UTF-8"?>
<!-- Generated by org.testng.reporters.JUnitReportReporter -->
<testsuite hostname="DESKTOP-BP7NV3R" failures="0" tests="1" name="CRUDWithOutBDD.UpdateProject" time="2.800" errors="0" timestamp="2023-02-17T16:59:58 IST" skipped="0">
  <testcase classname="CRUDWithOutBDD.UpdateProject" name="update" time="2.800"/>
  <system-out/>
</testsuite> <!-- CRUDWithOutBDD.UpdateProject -->
