<?xml version="1.0" encoding="UTF-8"?>
<!-- Generated by org.testng.reporters.JUnitReportReporter -->
<testsuite hostname="DESKTOP-BP7NV3R" failures="0" tests="1" name="Parameters.PathParameter" time="2.356" errors="0" timestamp="2023-02-20T17:30:02 IST" skipped="0">
  <testcase classname="Parameters.PathParameter" name="PathParameter" time="2.356"/>
  <system-out/>
</testsuite> <!-- Parameters.PathParameter -->
