<?xml version="1.0" encoding="UTF-8"?>
<!-- Generated by org.testng.reporters.JUnitReportReporter -->
<testsuite hostname="DESKTOP-BP7NV3R" failures="0" tests="1" name="SereiliazatinANDDeserialzation.EmployeeWithArraySerilization" time="0.312" errors="0" timestamp="2023-02-17T15:02:20 IST" skipped="0">
  <testcase classname="SereiliazatinANDDeserialzation.EmployeeWithArraySerilization" name="serialization" time="0.312"/>
  <system-out/>
</testsuite> <!-- SereiliazatinANDDeserialzation.EmployeeWithArraySerilization -->
