<?xml version="1.0" encoding="UTF-8"?>
<!-- Generated by org.testng.reporters.JUnitReportReporter -->
<testsuite hostname="DESKTOP-BP7NV3R" failures="0" tests="1" name="FourTypeToAddProject.JasonFFile" time="2.396" errors="0" timestamp="2023-02-20T16:35:39 IST" skipped="0">
  <testcase classname="FourTypeToAddProject.JasonFFile" name="Add" time="2.396"/>
  <system-out/>
</testsuite> <!-- FourTypeToAddProject.JasonFFile -->
