<?xml version="1.0" encoding="UTF-8"?>
<!-- Generated by org.testng.reporters.JUnitReportReporter -->
<testsuite hostname="DESKTOP-BP7NV3R" failures="0" tests="1" name="Authentication.Oauth2_0" time="4.431" errors="0" timestamp="2023-02-23T15:25:42 IST" skipped="0">
  <testcase classname="Authentication.Oauth2_0" name="oauthAuthentication" time="4.431"/>
  <system-out/>
</testsuite> <!-- Authentication.Oauth2_0 -->
