<?xml version="1.0" encoding="UTF-8"?>
<!-- Generated by org.testng.reporters.JUnitReportReporter -->
<testsuite hostname="DESKTOP-BP7NV3R" failures="0" tests="1" name="SereiliazatinANDDeserialzation.EmployeeWithobjectSerialazation" time="0.291" errors="0" timestamp="2023-02-17T14:38:49 IST" skipped="0">
  <testcase classname="SereiliazatinANDDeserialzation.EmployeeWithobjectSerialazation" name="Serialazation" time="0.291"/>
  <system-out/>
</testsuite> <!-- SereiliazatinANDDeserialzation.EmployeeWithobjectSerialazation -->
