<?xml version="1.0" encoding="UTF-8"?>
<!-- Generated by org.testng.reporters.JUnitReportReporter -->
<testsuite hostname="DESKTOP-BP7NV3R" failures="0" tests="1" name="FromFramework.CreateProjectByBaseClass" time="2.802" errors="0" timestamp="2023-03-01T16:20:20 IST" skipped="0">
  <testcase classname="FromFramework.CreateProjectByBaseClass" name="addPro" time="2.802"/>
  <system-out/>
</testsuite> <!-- FromFramework.CreateProjectByBaseClass -->
