<?xml version="1.0" encoding="UTF-8"?>
<!-- Generated by org.testng.reporters.JUnitReportReporter -->
<testsuite hostname="DESKTOP-BP7NV3R" failures="0" tests="3" name="DataDrrivenTesting.DataProvider" time="2.629" errors="0" timestamp="22 Feb 2023 07:01:08 GMT" skipped="0">
  <testcase classname="DataDrrivenTesting.DataProvider" name="createProject" time="0.164"/>
  <testcase classname="DataDrrivenTesting.DataProvider" name="createProject" time="0.074"/>
  <testcase classname="DataDrrivenTesting.DataProvider" name="createProject" time="2.391"/>
</testsuite> <!-- DataDrrivenTesting.DataProvider -->
