<?xml version="1.0" encoding="UTF-8"?>
<!-- Generated by org.testng.reporters.JUnitReportReporter -->
<testsuite hostname="DESKTOP-BP7NV3R" failures="0" tests="1" name="Validation.DynamicValidation" time="4.431" errors="0" timestamp="2023-02-22T10:40:11 IST" skipped="0">
  <testcase classname="Validation.DynamicValidation" name="DynamicValiadtion" time="4.431"/>
  <system-out/>
</testsuite> <!-- Validation.DynamicValidation -->
