<?xml version="1.0" encoding="UTF-8"?>
<!-- Generated by org.testng.reporters.JUnitReportReporter -->
<testsuite hostname="DESKTOP-BP7NV3R" failures="0" tests="1" name="CRUDWithOutBDD.AddProject" time="3.524" errors="0" timestamp="2023-02-20T10:20:50 IST" skipped="0">
  <testcase classname="CRUDWithOutBDD.AddProject" name="CreateProject" time="3.524"/>
  <system-out/>
</testsuite> <!-- CRUDWithOutBDD.AddProject -->
