<?xml version="1.0" encoding="UTF-8"?>
<!-- Generated by org.testng.reporters.JUnitReportReporter -->
<testsuite hostname="DESKTOP-BP7NV3R" failures="0" tests="1" name="CRUDWithBDD.ReadAllProject" time="0.134" errors="0" timestamp="2023-02-20T12:17:18 IST" skipped="0">
  <testcase classname="CRUDWithBDD.ReadAllProject" name="ReadAll" time="0.134"/>
  <system-out/>
</testsuite> <!-- CRUDWithBDD.ReadAllProject -->
