<?xml version="1.0" encoding="UTF-8"?>
<!-- Generated by org.testng.reporters.JUnitReportReporter -->
<testsuite hostname="DESKTOP-BP7NV3R" failures="0" tests="1" name="Authentication.PreemtAuth" time="2.402" errors="0" timestamp="2023-02-23T11:52:25 IST" skipped="0">
  <testcase classname="Authentication.PreemtAuth" name="authentication" time="2.402"/>
  <system-out/>
</testsuite> <!-- Authentication.PreemtAuth -->
