<?xml version="1.0" encoding="UTF-8"?>
<!-- Generated by org.testng.reporters.JUnitReportReporter -->
<testsuite hostname="DESKTOP-BP7NV3R" failures="0" tests="1" name="Authentication.Barrier" time="18.847" errors="0" timestamp="2023-02-23T12:12:37 IST" skipped="0">
  <testcase classname="Authentication.Barrier" name="barriesToken" time="18.847"/>
  <system-out/>
</testsuite> <!-- Authentication.Barrier -->
