<?xml version="1.0" encoding="UTF-8"?>
<!-- Generated by org.testng.reporters.JUnitReportReporter -->
<testsuite hostname="DESKTOP-BP7NV3R" failures="0" tests="1" name="SereiliazatinANDDeserialzation.EmployeeDeserilazation" time="0.277" errors="0" timestamp="2023-02-17T11:19:48 IST" skipped="0">
  <testcase classname="SereiliazatinANDDeserialzation.EmployeeDeserilazation" name="DeserialzationEmp" time="0.277"/>
  <system-out/>
</testsuite> <!-- SereiliazatinANDDeserialzation.EmployeeDeserilazation -->
